TN:
SF:src/SecretCommit.sol
FN:19,SecretCommit.commit
FNDA:262,SecretCommit.commit
DA:29,262
BRDA:28,0,0,1
BRDA:28,0,1,261
DA:31,1
DA:32,261
BRDA:32,1,0,1
BRDA:32,1,1,260
DA:33,260
FN:41,SecretCommit.reveal
FNDA:260,SecretCommit.reveal
DA:42,260
DA:43,260
BRDA:43,2,0,257
BRDA:43,2,1,3
DA:44,3
DA:45,3
DA:46,3
DA:48,3
BRDA:47,3,0,1
BRDA:47,3,1,2
DA:62,1
DA:63,2
BRDA:63,4,0,1
BRDA:63,4,1,1
DA:64,1
DA:65,1
DA:66,1
FN:70,SecretCommit.hashTypedData
FNDA:260,SecretCommit.hashTypedData
DA:73,520
FN:77,SecretCommit.commitExists
FNDA:261,SecretCommit.commitExists
DA:80,782
FN:86,SecretCommit._domainNameAndVersion
FNDA:1,SecretCommit._domainNameAndVersion
DA:92,1
DA:93,1
FN:99,SecretCommit._hashStruct
FNDA:521,SecretCommit._hashStruct
DA:102,521
DA:109,521
FNF:6
FNH:6
LF:21
LH:21
BRF:10
BRH:10
end_of_record
TN:
SF:test/utils/SecretCommitHarness.sol
FN:8,SecretCommitHarness.hashStruct
FNDA:1,SecretCommitHarness.hashStruct
DA:11,1
FN:17,SecretCommitHarness.hashStructNaive
FNDA:1,SecretCommitHarness.hashStructNaive
DA:20,1
DA:21,1
FN:31,SecretCommitHarness.domainNameAndVersion
FNDA:1,SecretCommitHarness.domainNameAndVersion
DA:36,1
FNF:3
FNH:3
LF:4
LH:4
BRF:0
BRH:0
end_of_record
